<?xml version="1.0" encoding="UTF-8"?>
<!-- Generated by org.testng.reporters.JUnitReportReporter -->
<testsuite skipped="0" hostname="punam-PC" name="dataproviderexample.Loginsite" tests="1" failures="0" timestamp="6 Nov 2016 03:53:21 GMT" time="4.990" errors="0">
  <testcase name="setData" time="4.990" classname="dataproviderexample.Loginsite"/>
</testsuite> <!-- dataproviderexample.Loginsite -->
