<?xml version="1.0" encoding="UTF-8"?>
<!-- Generated by org.testng.reporters.JUnitReportReporter -->
<testsuite skipped="0" hostname="punam-PC" name="dataproviderexample.select3and4flight" tests="1" failures="0" timestamp="6 Nov 2016 03:53:21 GMT" time="2.890" errors="0">
  <testcase name="testflightselect" time="2.890" classname="dataproviderexample.select3and4flight"/>
</testsuite> <!-- dataproviderexample.select3and4flight -->
