<?xml version="1.0" encoding="UTF-8"?>
<!-- Generated by org.testng.reporters.JUnitReportReporter -->
<testsuite skipped="0" hostname="punam-PC" name="Tours.Loginpage" tests="2" failures="0" timestamp="28 Oct 2016 19:19:24 GMT" time="22.191" errors="0">
  <testcase name="openApp" time="8.923" classname="Tours.Loginpage"/>
  <testcase name="openbnotherSite" time="13.268" classname="Tours.Loginpage"/>
</testsuite> <!-- Tours.Loginpage -->
