<?xml version="1.0" encoding="UTF-8"?>
<!-- Generated by org.testng.reporters.JUnitReportReporter -->
<testsuite skipped="0" hostname="punam-PC" name="dataproviderexample.sreeenshotresult" tests="1" failures="0" timestamp="6 Nov 2016 03:53:21 GMT" time="3.340" errors="0">
  <testcase name="screenshotmethod" time="3.340" classname="dataproviderexample.sreeenshotresult"/>
</testsuite> <!-- dataproviderexample.sreeenshotresult -->
