<?xml version="1.0" encoding="UTF-8"?>
<!-- Generated by org.testng.reporters.JUnitReportReporter -->
<testsuite skipped="0" hostname="punam-PC" name="Tours.sreeenshotresult" tests="1" failures="0" timestamp="2 Nov 2016 10:30:30 GMT" time="11.557" errors="0">
  <testcase name="screenshotmethod" time="11.557" classname="Tours.sreeenshotresult"/>
</testsuite> <!-- Tours.sreeenshotresult -->
