<?xml version="1.0" encoding="UTF-8"?>
<!-- Generated by org.testng.reporters.JUnitReportReporter -->
<testsuite skipped="0" hostname="punam-PC" name="Test_Package1.Test1" tests="2" failures="0" timestamp="22 Oct 2016 03:50:06 GMT" time="0.025" errors="0">
  <testcase name="openApp" time="0.005" classname="Test_Package1.Test1"/>
  <testcase name="doRegistration" time="0.020" classname="Test_Package1.Test1"/>
</testsuite> <!-- Test_Package1.Test1 -->
