<?xml version="1.0" encoding="UTF-8"?>
<!-- Generated by org.testng.reporters.JUnitReportReporter -->
<testsuite skipped="0" hostname="punam-PC" name="Test_Package1.Test2" tests="1" failures="0" timestamp="22 Oct 2016 03:50:06 GMT" time="0.056" errors="0">
  <testcase name="openAppp" time="0.056" classname="Test_Package1.Test2"/>
</testsuite> <!-- Test_Package1.Test2 -->
