<?xml version="1.0" encoding="UTF-8"?>
<!-- Generated by org.testng.reporters.JUnitReportReporter -->
<testsuite skipped="0" hostname="punam-PC" name="Tours.Loginsite" tests="1" failures="0" timestamp="2 Nov 2016 10:30:31 GMT" time="104.596" errors="0">
  <testcase name="openApp" time="104.596" classname="Tours.Loginsite"/>
</testsuite> <!-- Tours.Loginsite -->
