<?xml version="1.0" encoding="UTF-8"?>
<!-- Generated by org.testng.reporters.JUnitReportReporter -->
<testsuite skipped="0" hostname="punam-PC" name="Tours.pageClosing" tests="1" failures="0" timestamp="29 Oct 2016 06:14:11 GMT" time="10.245" errors="0">
  <testcase name="closethebrowser" time="10.245" classname="Tours.pageClosing"/>
</testsuite> <!-- Tours.pageClosing -->
