<?xml version="1.0" encoding="UTF-8"?>
<!-- Generated by org.testng.reporters.JUnitReportReporter -->
<testsuite skipped="0" hostname="punam-PC" name="Tours.onewaytrip" tests="1" failures="0" timestamp="2 Nov 2016 10:30:31 GMT" time="6324.447" errors="0">
  <testcase name="onewayt" time="6324.447" classname="Tours.onewaytrip"/>
</testsuite> <!-- Tours.onewaytrip -->
