<?xml version="1.0" encoding="UTF-8"?>
<!-- Generated by org.testng.reporters.JUnitReportReporter -->
<testsuite skipped="0" hostname="punam-PC" name="Tours.select3and4flight" tests="1" failures="0" timestamp="2 Nov 2016 10:30:31 GMT" time="40.383" errors="0">
  <testcase name="testflightselect" time="40.383" classname="Tours.select3and4flight"/>
</testsuite> <!-- Tours.select3and4flight -->
